platforms/android/build/outputs/logs/manifest-merger-debug-report.txt
-- Merging decision tree log ---
manifest
ADDED from platforms/android/AndroidManifest.xml:2:1-19:12
INJECTED from platforms/android/AndroidManifest.xml:2:1-19:12
INJECTED from platforms/android/AndroidManifest.xml:2:1-19:12
INJECTED from platforms/android/AndroidManifest.xml:2:1-19:12
MERGED from [:CordovaLib] AndroidManifest.xml:20:1-27:12
INJECTED from platforms/android/AndroidManifest.xml:2:1-19:12
INJECTED from platforms/android/AndroidManifest.xml:2:1-19:12
INJECTED from platforms/android/AndroidManifest.xml:2:1-19:12
	package
		ADDED from platforms/android/AndroidManifest.xml:2:98-131
		INJECTED from platforms/android/AndroidManifest.xml
		INJECTED from platforms/android/AndroidManifest.xml
	android:versionName
		ADDED from platforms/android/AndroidManifest.xml:2:70-97
		INJECTED from platforms/android/AndroidManifest.xml
		INJECTED from platforms/android/AndroidManifest.xml
	android:hardwareAccelerated
		ADDED from platforms/android/AndroidManifest.xml:2:11-45
	xmlns:android
		ADDED from platforms/android/AndroidManifest.xml:2:132-190
	android:versionCode
		ADDED from platforms/android/AndroidManifest.xml:2:46-69
		INJECTED from platforms/android/AndroidManifest.xml
		INJECTED from platforms/android/AndroidManifest.xml
supports-screens
ADDED from platforms/android/AndroidManifest.xml:3:5-191
	android:largeScreens
		ADDED from platforms/android/AndroidManifest.xml:3:49-76
	android:smallScreens
		ADDED from platforms/android/AndroidManifest.xml:3:132-159
	android:normalScreens
		ADDED from platforms/android/AndroidManifest.xml:3:77-105
	android:xlargeScreens
		ADDED from platforms/android/AndroidManifest.xml:3:160-188
	android:resizeable
		ADDED from platforms/android/AndroidManifest.xml:3:106-131
	android:anyDensity
		ADDED from platforms/android/AndroidManifest.xml:3:23-48
uses-permission#android.permission.INTERNET
ADDED from platforms/android/AndroidManifest.xml:4:5-67
	android:name
		ADDED from platforms/android/AndroidManifest.xml:4:22-64
application
ADDED from platforms/android/AndroidManifest.xml:5:5-14:19
	android:supportsRtl
		ADDED from platforms/android/AndroidManifest.xml:5:114-140
	android:label
		ADDED from platforms/android/AndroidManifest.xml:5:81-113
	android:hardwareAccelerated
		ADDED from platforms/android/AndroidManifest.xml:5:18-52
	android:icon
		ADDED from platforms/android/AndroidManifest.xml:5:53-80
activity#com.lntinfotech.vitamix.MainActivity
ADDED from platforms/android/AndroidManifest.xml:6:9-11:20
	android:label
		ADDED from platforms/android/AndroidManifest.xml:6:97-134
	android:launchMode
		ADDED from platforms/android/AndroidManifest.xml:6:135-165
	android:windowSoftInputMode
		ADDED from platforms/android/AndroidManifest.xml:6:257-299
	android:configChanges
		ADDED from platforms/android/AndroidManifest.xml:6:19-96
	android:theme
		ADDED from platforms/android/AndroidManifest.xml:6:194-256
	android:name
		ADDED from platforms/android/AndroidManifest.xml:6:166-193
intent-filter#android.intent.action.MAIN+android.intent.category.LAUNCHER
ADDED from platforms/android/AndroidManifest.xml:7:13-10:29
	android:label
		ADDED from platforms/android/AndroidManifest.xml:7:28-65
action#android.intent.action.MAIN
ADDED from platforms/android/AndroidManifest.xml:8:17-69
	android:name
		ADDED from platforms/android/AndroidManifest.xml:8:25-66
category#android.intent.category.LAUNCHER
ADDED from platforms/android/AndroidManifest.xml:9:17-77
	android:name
		ADDED from platforms/android/AndroidManifest.xml:9:27-74
activity#com.keyes.youtube.OpenYouTubePlayerActivity
ADDED from platforms/android/AndroidManifest.xml:12:9-118
	android:screenOrientation
		ADDED from platforms/android/AndroidManifest.xml:12:78-115
	android:name
		ADDED from platforms/android/AndroidManifest.xml:12:19-77
activity#com.bunkerpalace.cordova.YouTubeActivity
ADDED from platforms/android/AndroidManifest.xml:13:9-321
	android:label
		ADDED from platforms/android/AndroidManifest.xml:13:97-134
	android:launchMode
		ADDED from platforms/android/AndroidManifest.xml:13:135-165
	android:windowSoftInputMode
		ADDED from platforms/android/AndroidManifest.xml:13:276-318
	android:configChanges
		ADDED from platforms/android/AndroidManifest.xml:13:19-96
	android:theme
		ADDED from platforms/android/AndroidManifest.xml:13:222-275
	android:name
		ADDED from platforms/android/AndroidManifest.xml:13:166-221
uses-sdk
ADDED from platforms/android/AndroidManifest.xml:15:5-74
MERGED from [:CordovaLib] AndroidManifest.xml:25:5-44
MERGED from [:CordovaLib] AndroidManifest.xml:25:5-44
	android:targetSdkVersion
		ADDED from platforms/android/AndroidManifest.xml:15:42-71
	android:minSdkVersion
		ADDED from platforms/android/AndroidManifest.xml:15:15-41
uses-permission#android.permission.WRITE_EXTERNAL_STORAGE
ADDED from platforms/android/AndroidManifest.xml:16:5-81
	android:name
		ADDED from platforms/android/AndroidManifest.xml:16:22-78
uses-permission#android.permission.ACCESS_WIFI_STATE
ADDED from platforms/android/AndroidManifest.xml:17:5-76
	android:name
		ADDED from platforms/android/AndroidManifest.xml:17:22-73
uses-permission#android.permission.RECORD_AUDIO
ADDED from platforms/android/AndroidManifest.xml:18:5-71
	android:name
		ADDED from platforms/android/AndroidManifest.xml:18:22-68